12:21:56.970 | V |                      | ArgumentsFromParametersFile.OnBuildCreated (150)
12:21:56.984 | V |                      | HandleReSharperSurrogateArguments.OnBuildCreated (150)
12:21:56.985 | V |                      | InjectParameterValues.OnBuildCreated (100)
12:21:56.998 | V |                      | HandleShellCompletion.OnBuildCreated (75)
12:21:57.180 | V |                      | GenerateBuildServerConfigurations.OnBuildCreated (50)
12:21:57.181 | V |                      | InvokeBuildServerConfigurationGeneration.OnBuildCreated (45)
12:21:57.186 | V |                      | UpdateNotification.OnBuildCreated (10)
12:21:57.186 | V |                      | UnsetVisualStudioEnvironmentVariables.OnBuildCreated (0)
12:21:57.187 | V |                      | HandleVisualStudioDebugging.OnBuildCreated (0)
12:21:57.187 | V |                      | EventInvoker.OnBuildCreated (-3.4028235E+38)
12:21:57.194 | V |                      | HandlePlanRequests.OnBuildInitialized (10)
12:21:57.194 | V |                      | HandleHelpRequests.OnBuildInitialized (5)
12:21:57.194 | V |                      | Telemetry.OnBuildInitialized (0)
12:21:57.660 | V |                      | Sending BuildStarted telemetry event ...
12:21:57.661 | V |                      |   build_components         = 
12:21:57.661 | V |                      |   build_type               = Project
12:21:57.661 | V |                      |   compile_time             = 4
12:21:57.661 | V |                      |   config_generators        = 
12:21:57.661 | V |                      |   host                     = Terminal
12:21:57.661 | V |                      |   num_custom_components    = 0
12:21:57.661 | V |                      |   num_custom_extensions    = 0
12:21:57.661 | V |                      |   num_partitioned_targets  = 0
12:21:57.661 | V |                      |   num_secrets              = 0
12:21:57.661 | V |                      |   num_targets              = 3
12:21:57.661 | V |                      |   os_architecture          = Arm64
12:21:57.661 | V |                      |   os_platform              = OSX
12:21:57.661 | V |                      |   repo_branch              = main
12:21:57.661 | V |                      |   repo_commit              = e05d4c
12:21:57.661 | V |                      |   repo_provider            = GitHub
12:21:57.661 | V |                      |   repo_url                 = 9c1482
12:21:57.661 | V |                      |   target_framework         = .NETCoreApp,Version=v10.0
12:21:57.661 | V |                      |   version_dotnet_sdk       = 10.0.100
12:21:57.661 | V |                      |   version_nuke_common      = 10.1.0
12:21:57.661 | V |                      |   version_nuke_global_tool = 10.1.0
12:21:58.150 | V |                      | InjectNonParameterValues.OnBuildInitialized (-100)
12:21:58.151 | V |                      | EventInvoker.OnBuildInitialized (-3.4028235E+38)
12:21:58.163 | V | Restore              | EventInvoker.OnTargetRunning (-3.4028235E+38)
12:21:58.163 | V | Restore              | Telemetry.OnTargetSucceeded (0)
12:21:58.286 | V | Restore              | Sending TargetSucceeded telemetry event ...
12:21:58.286 | V | Restore              |   build_components         = 
12:21:58.286 | V | Restore              |   build_type               = Project
12:21:58.286 | V | Restore              |   compile_time             = 5
12:21:58.286 | V | Restore              |   config_generators        = 
12:21:58.286 | V | Restore              |   host                     = Terminal
12:21:58.286 | V | Restore              |   num_custom_components    = 0
12:21:58.286 | V | Restore              |   num_custom_extensions    = 0
12:21:58.286 | V | Restore              |   num_partitioned_targets  = 0
12:21:58.286 | V | Restore              |   num_secrets              = 0
12:21:58.286 | V | Restore              |   num_targets              = 3
12:21:58.286 | V | Restore              |   os_architecture          = Arm64
12:21:58.286 | V | Restore              |   os_platform              = OSX
12:21:58.286 | V | Restore              |   repo_branch              = main
12:21:58.286 | V | Restore              |   repo_commit              = e05d4c
12:21:58.286 | V | Restore              |   repo_provider            = GitHub
12:21:58.286 | V | Restore              |   repo_url                 = 9c1482
12:21:58.286 | V | Restore              |   target_current_partition = 1
12:21:58.286 | V | Restore              |   target_duration          = 0
12:21:58.286 | V | Restore              |   target_framework         = .NETCoreApp,Version=v10.0
12:21:58.286 | V | Restore              |   target_name              = Restore
12:21:58.286 | V | Restore              |   target_total_partitions  = 1
12:21:58.286 | V | Restore              |   version_dotnet_sdk       = 10.0.100
12:21:58.286 | V | Restore              |   version_nuke_common      = 10.1.0
12:21:58.286 | V | Restore              |   version_nuke_global_tool = 10.1.0
12:21:58.346 | V | Restore              | EventInvoker.OnTargetSucceeded (-3.4028235E+38)
12:21:58.348 | V | Compile              | EventInvoker.OnTargetRunning (-3.4028235E+38)
12:21:58.348 | V | Compile              | Telemetry.OnTargetSucceeded (0)
12:21:58.474 | V | Compile              | Sending TargetSucceeded telemetry event ...
12:21:58.474 | V | Compile              |   build_components         = 
12:21:58.474 | V | Compile              |   build_type               = Project
12:21:58.474 | V | Compile              |   compile_time             = 5
12:21:58.474 | V | Compile              |   config_generators        = 
12:21:58.474 | V | Compile              |   host                     = Terminal
12:21:58.474 | V | Compile              |   num_custom_components    = 0
12:21:58.474 | V | Compile              |   num_custom_extensions    = 0
12:21:58.474 | V | Compile              |   num_partitioned_targets  = 0
12:21:58.474 | V | Compile              |   num_secrets              = 0
12:21:58.474 | V | Compile              |   num_targets              = 3
12:21:58.474 | V | Compile              |   os_architecture          = Arm64
12:21:58.474 | V | Compile              |   os_platform              = OSX
12:21:58.474 | V | Compile              |   repo_branch              = main
12:21:58.474 | V | Compile              |   repo_commit              = e05d4c
12:21:58.474 | V | Compile              |   repo_provider            = GitHub
12:21:58.474 | V | Compile              |   repo_url                 = 9c1482
12:21:58.474 | V | Compile              |   target_current_partition = 1
12:21:58.474 | V | Compile              |   target_duration          = 0
12:21:58.474 | V | Compile              |   target_framework         = .NETCoreApp,Version=v10.0
12:21:58.474 | V | Compile              |   target_name              = Compile
12:21:58.474 | V | Compile              |   target_total_partitions  = 1
12:21:58.474 | V | Compile              |   version_dotnet_sdk       = 10.0.100
12:21:58.474 | V | Compile              |   version_nuke_common      = 10.1.0
12:21:58.474 | V | Compile              |   version_nuke_global_tool = 10.1.0
12:21:58.631 | V | Compile              | EventInvoker.OnTargetSucceeded (-3.4028235E+38)
12:21:58.637 | V |                      | UpdateNotification.OnBuildFinished (10)
12:21:58.638 | V |                      | SerializeBuildServerState.OnBuildFinished (0)
12:21:58.638 | V |                      | EventInvoker.OnBuildFinished (-3.4028235E+38)
